<?xml version="1.0" encoding="UTF-8"?>
<!-- Generated by org.testng.reporters.JUnitReportReporter -->
<testsuite skipped="0" hostname="BlrIS-AmbhrajY" name="FirstTest.AppTest" tests="1" failures="0" timestamp="09 Sep 2018 09:41:08 GMT" time="7.920" errors="0">
  <testcase name="setup" time="7.920" classname="FirstTest.AppTest"/>
</testsuite> <!-- FirstTest.AppTest -->
